manifest-merger-blame-debug-report.txt
1<?xml version="1.0" encoding="utf-8"?>
2<manifest xmlns:android="http://schemas.android.com/apk/res/android"
3    package="com.yourdomain.kuaforhatirlatici"
4    android:versionCode="1"
5    android:versionName="1.0" >
6
7    <uses-sdk
8        android:minSdkVersion="24"
9        android:targetSdkVersion="34" />
10
11    <application
11-->src\main\AndroidManifest.xml:3:5-23:19
12        android:allowBackup="true"
12-->src\main\AndroidManifest.xml:4:9-35
13        android:debuggable="true"
14        android:extractNativeLibs="false"
15        android:icon="@mipmap/ic_launcher"
15-->src\main\AndroidManifest.xml:5:9-43
16        android:label="Kuaför Hatırlatıcı"
16-->src\main\AndroidManifest.xml:6:9-43
17        android:roundIcon="@mipmap/ic_launcher_round"
17-->src\main\AndroidManifest.xml:7:9-54
18        android:supportsRtl="true"
18-->src\main\AndroidManifest.xml:8:9-35
19        android:testOnly="true"
20        android:theme="@style/Theme.KuaforHatirlatici" >
20-->src\main\AndroidManifest.xml:9:9-55
21
22        <!-- Ana Aktivite (MainActivity) -->
23        <activity
23-->src\main\AndroidManifest.xml:12:9-19:20
24            android:name="com.yourdomain.kuaforhatirlatici.MainActivity"
24-->src\main\AndroidManifest.xml:13:13-41
25            android:exported="true" >
25-->src\main\AndroidManifest.xml:14:13-36
26            <intent-filter>
26-->src\main\AndroidManifest.xml:15:13-18:29
27                <action android:name="android.intent.action.MAIN" />
27-->src\main\AndroidManifest.xml:16:17-69
27-->src\main\AndroidManifest.xml:16:25-66
28
29                <category android:name="android.intent.category.LAUNCHER" />
29-->src\main\AndroidManifest.xml:17:17-77
29-->src\main\AndroidManifest.xml:17:27-74
30            </intent-filter>
31        </activity>
32
33        <!-- Diğer servis, receiver veya aktiviteler burada tanımlanabilir -->
34
35    </application>
36
37</manifest>